<?xml version="1.0" encoding="UTF-8"?>
<testsuite name="trees.AppTest" tests="1" skipped="0" failures="0" errors="0" timestamp="2021-11-06T20:01:15" hostname="LTUCSTUDENT-L16" time="0.032">
  <properties/>
  <testcase name="fizzBuzzTests()" classname="trees.AppTest" time="0.032"/>
  <system-out><![CDATA[]]></system-out>
  <system-err><![CDATA[]]></system-err>
</testsuite>
